  keyence_win_api.cpp
C:\Users\SamiDhiab\Theion_Repos\lib_keyence_distance_sensor\src\keyence_win_api.cpp(47,83): warning C4267: 'argument': conversion from 'size_t' to 'unsigned int', possible loss of data
C:\Users\SamiDhiab\Theion_Repos\lib_keyence_distance_sensor\src\keyence_win_api.cpp(190,65): warning C4267: 'initializing': conversion from 'size_t' to 'int', possible loss of data
C:\Users\SamiDhiab\Theion_Repos\lib_keyence_distance_sensor\src\keyence_win_api.cpp(191,84): warning C4267: 'initializing': conversion from 'size_t' to 'int', possible loss of data
C:\Users\SamiDhiab\Theion_Repos\lib_keyence_distance_sensor\src\keyence_win_api.cpp(192,84): warning C4267: 'initializing': conversion from 'size_t' to 'int', possible loss of data
C:\Users\SamiDhiab\Theion_Repos\lib_keyence_distance_sensor\src\keyence_win_api.cpp(206,21): warning C4101: 'Response': unreferenced local variable
C:\Users\SamiDhiab\Theion_Repos\lib_keyence_distance_sensor\src\keyence_win_api.cpp(295,29): warning C4244: 'initializing': conversion from 'ssize_t' to 'int', possible loss of data
C:\Users\SamiDhiab\Theion_Repos\lib_keyence_distance_sensor\src\keyence_win_api.cpp(287,25): warning C4101: 'Response': unreferenced local variable
C:\Users\SamiDhiab\Theion_Repos\lib_keyence_distance_sensor\src\keyence_win_api.cpp(321,29): warning C4244: 'initializing': conversion from 'ssize_t' to 'int', possible loss of data
C:\Users\SamiDhiab\Theion_Repos\lib_keyence_distance_sensor\src\keyence_win_api.cpp(351,29): warning C4244: 'initializing': conversion from 'ssize_t' to 'int', possible loss of data
C:\Users\SamiDhiab\Theion_Repos\lib_keyence_distance_sensor\src\keyence_win_api.cpp(413,29): warning C4244: 'initializing': conversion from 'ssize_t' to 'int', possible loss of data
C:\Users\SamiDhiab\Theion_Repos\lib_keyence_distance_sensor\src\keyence_win_api.cpp(457,29): warning C4244: 'initializing': conversion from 'ssize_t' to 'int', possible loss of data
C:\Users\SamiDhiab\Theion_Repos\lib_keyence_distance_sensor\src\keyence_win_api.cpp(468,69): warning C4267: 'initializing': conversion from 'size_t' to 'int', possible loss of data
C:\Users\SamiDhiab\Theion_Repos\lib_keyence_distance_sensor\src\keyence_win_api.cpp(469,88): warning C4267: 'initializing': conversion from 'size_t' to 'int', possible loss of data
C:\Users\SamiDhiab\Theion_Repos\lib_keyence_distance_sensor\src\keyence_win_api.cpp(470,88): warning C4267: 'initializing': conversion from 'size_t' to 'int', possible loss of data
  main.cpp
  Generating Code...
C:\Users\SamiDhiab\Theion_Repos\lib_keyence_distance_sensor\src\keyence_win_api.cpp(75): warning C4700: uninitialized local variable 'receivedString' used
C:\Users\SamiDhiab\Theion_Repos\lib_keyence_distance_sensor\src\keyence_win_api.cpp(198): warning C4715: 'keyence::keyenceWinRS232::getValueOutputHeadAll': not all control paths return a value
C:\Users\SamiDhiab\Theion_Repos\lib_keyence_distance_sensor\src\keyence_win_api.cpp(162): warning C4715: 'keyence::keyenceWinRS232::getValueMultipleOutputHead': not all control paths return a value
C:\Users\SamiDhiab\Theion_Repos\lib_keyence_distance_sensor\src\keyence_win_api.cpp(179): warning C4700: uninitialized local variable 'receivedString' used
C:\Users\SamiDhiab\Theion_Repos\lib_keyence_distance_sensor\src\keyence_win_api.cpp(136): warning C4700: uninitialized local variable 'DATA' used
C:\Users\SamiDhiab\Theion_Repos\lib_keyence_distance_sensor\src\keyence_win_api.cpp(196): warning C4172: returning address of local variable or temporary: Values
C:\Users\SamiDhiab\Theion_Repos\lib_keyence_distance_sensor\src\keyence_win_api.cpp(160): warning C4172: returning address of local variable or temporary: Values
C:\Users\SamiDhiab\Theion_Repos\lib_keyence_distance_sensor\src\keyence_win_api.cpp(238): warning C4700: uninitialized local variable 'receivedString' used
C:\Users\SamiDhiab\Theion_Repos\lib_keyence_distance_sensor\src\keyence_win_api.cpp(321): warning C4700: uninitialized local variable 'receivedString' used
C:\Users\SamiDhiab\Theion_Repos\lib_keyence_distance_sensor\src\keyence_win_api.cpp(351): warning C4700: uninitialized local variable 'receivedString' used
C:\Users\SamiDhiab\Theion_Repos\lib_keyence_distance_sensor\src\keyence_win_api.cpp(439): warning C4715: 'keyence::keyenceWinSocket::getValueMultipleOutputHead': not all control paths return a value
C:\Users\SamiDhiab\Theion_Repos\lib_keyence_distance_sensor\src\keyence_win_api.cpp(413): warning C4700: uninitialized local variable 'DATA' used
C:\Users\SamiDhiab\Theion_Repos\lib_keyence_distance_sensor\src\keyence_win_api.cpp(437): warning C4172: returning address of local variable or temporary: Values
C:\Users\SamiDhiab\Theion_Repos\lib_keyence_distance_sensor\src\keyence_win_api.cpp(476): warning C4715: 'keyence::keyenceWinSocket::getValueOutputHeadAll': not all control paths return a value
C:\Users\SamiDhiab\Theion_Repos\lib_keyence_distance_sensor\src\keyence_win_api.cpp(457): warning C4700: uninitialized local variable 'receivedString' used
C:\Users\SamiDhiab\Theion_Repos\lib_keyence_distance_sensor\src\keyence_win_api.cpp(474): warning C4172: returning address of local variable or temporary: Values
  keyence_bin.vcxproj -> C:\Users\SamiDhiab\Theion_Repos\lib_keyence_distance_sensor\build\Debug\keyence_bin.exe
